<?xml version="1.0" encoding="UTF-8"?>
<testsuite name="Homework.Homework4" tests="1" skipped="0" failures="0" errors="0" timestamp="2025-04-15T15:40:28.140Z" hostname="DESKTOP-MDQ4DVD" time="1.31">
  <properties/>
  <testcase name="LogintoacauuntTest2" classname="Homework.Homework4" time="1.31"/>
  <system-out><![CDATA[]]></system-out>
  <system-err><![CDATA[]]></system-err>
</testsuite>
